<?xml version="1.0" encoding="UTF-8"?>
<!-- Generated by org.testng.reporters.JUnitXMLReporter -->
<testsuite ignored="1" hostname="DESKTOP-RFCV7TH" failures="1" tests="1" name="EdgeTest" time="0.011" errors="0" timestamp="2024-11-25T15:30:12 IST">
  <testcase classname="testscript.AddUserPageTest" name="verify_add_user" time="0.0">
    <failure type="org.testng.TestNGException" message="
Parameter &amp;apos;username&amp;apos; is required by @Test on method verify_add_user but has not been marked @Optional or defined
in C:\Users\DELL\git\QA_Legend\QA_LegendBilling\crossbrowser.xml">
      <![CDATA[org.testng.TestNGException: 
Parameter 'username' is required by @Test on method verify_add_user but has not been marked @Optional or defined
in C:\Users\DELL\git\QA_Legend\QA_LegendBilling\crossbrowser.xml
at java.base/java.util.ArrayList.forEach(ArrayList.java:1596)
... Removed 26 stack frames]]>
    </failure>
  </testcase> <!-- verify_add_user -->
  <testcase classname="testscript.AddUserPageTest" name="verify_userLogin_withNewly_Added_user" time="0.0">
    <ignored/>
  </testcase> <!-- verify_userLogin_withNewly_Added_user -->
</testsuite> <!-- EdgeTest -->
