<?xml version="1.0" encoding="UTF-8"?>
<!-- Generated by org.testng.reporters.JUnitXMLReporter -->
<testsuite ignored="1" hostname="DESKTOP-RFCV7TH" failures="1" tests="1" name="FirefoxTest" time="34.212" errors="0" timestamp="2024-11-22T10:46:20 IST">
  <testcase classname="testscript.AddUserPageTest" name="verify_add_user" time="16.781">
    <failure type="java.lang.AssertionError" message="User is not added expected [AugustRogahn] but found [2839]">
      <![CDATA[java.lang.AssertionError: User is not added expected [AugustRogahn] but found [2839]
at testscript.AddUserPageTest.verify_add_user(AddUserPageTest.java:45)
at java.base/java.util.ArrayList.forEach(ArrayList.java:1596)
... Removed 30 stack frames]]>
    </failure>
  </testcase> <!-- verify_add_user -->
  <testcase classname="testscript.AddUserPageTest" name="verify_userLogin_withNewly_Added_user" time="0.0">
    <ignored/>
  </testcase> <!-- verify_userLogin_withNewly_Added_user -->
</testsuite> <!-- FirefoxTest -->
